<?xml version="1.0" encoding="UTF-8"?>
<!-- Generated by org.testng.reporters.JUnitXMLReporter -->
<testsuite ignored="0" hostname="LTIN513318" failures="0" tests="6" name="ChromeTest" time="161.711" errors="0" timestamp="2024-03-29T17:37:36 IST">
  <testcase classname="testCases.TC_001_News_Around_Cognizant" name="validateUser" time="14.202"/>
  <testcase classname="testCases.TC_001_News_Around_Cognizant" name="validationOfAroundCognizant" time="3.071"/>
  <testcase classname="testCases.TC_001_News_Around_Cognizant" name="newsAroundCognizantFirstPage" time="5.572"/>
  <testcase classname="testCases.TC_001_News_Around_Cognizant" name="clickSeeAll" time="9.122"/>
  <testcase classname="testCases.TC_001_News_Around_Cognizant" name="SecondPage" time="5.135"/>
  <testcase classname="testCases.TC_001_News_Around_Cognizant" name="top5News" time="118.095"/>
</testsuite> <!-- ChromeTest -->
