<?xml version="1.0" encoding="UTF-8"?>
<!-- Generated by org.testng.reporters.JUnitXMLReporter -->
<testsuite ignored="0" hostname="LTIN513318" failures="0" tests="6" name="EdgeTest" time="159.703" errors="0" timestamp="2024-03-29T17:40:19 IST">
  <testcase classname="testCases.TC_001_News_Around_Cognizant" name="validateUser" time="14.209"/>
  <testcase classname="testCases.TC_001_News_Around_Cognizant" name="validationOfAroundCognizant" time="3.046"/>
  <testcase classname="testCases.TC_001_News_Around_Cognizant" name="newsAroundCognizantFirstPage" time="5.156"/>
  <testcase classname="testCases.TC_001_News_Around_Cognizant" name="clickSeeAll" time="9.102"/>
  <testcase classname="testCases.TC_001_News_Around_Cognizant" name="SecondPage" time="5.168"/>
  <testcase classname="testCases.TC_001_News_Around_Cognizant" name="top5News" time="116.037"/>
</testsuite> <!-- EdgeTest -->
