<?xml version="1.0" encoding="UTF-8"?>
<!-- Generated by org.testng.reporters.JUnitXMLReporter -->
<testsuite ignored="0" hostname="LTIN513318" failures="0" tests="6" name="Test" time="176.796" errors="0" timestamp="2024-04-02T10:45:06 IST">
  <testcase classname="testCases.TC_001_News_Around_Cognizant" name="validateUser" time="14.957"/>
  <testcase classname="testCases.TC_001_News_Around_Cognizant" name="validationOfAroundCognizant" time="3.15"/>
  <testcase classname="testCases.TC_001_News_Around_Cognizant" name="newsAroundCognizantFirstPage" time="6.881"/>
  <testcase classname="testCases.TC_001_News_Around_Cognizant" name="clickSeeAll" time="9.28"/>
  <testcase classname="testCases.TC_001_News_Around_Cognizant" name="SecondPage" time="5.407"/>
  <testcase classname="testCases.TC_001_News_Around_Cognizant" name="top5News" time="124.619"/>
</testsuite> <!-- Test -->
